e:\универ\студ-оап\второй курс\oop_lab4\laba3\debug\laba3.pch
e:\универ\студ-оап\второй курс\oop_lab4\laba3\debug\vc120.pdb
e:\универ\студ-оап\второй курс\oop_lab4\laba3\debug\vc120.idb
e:\универ\студ-оап\второй курс\oop_lab4\laba3\debug\stdafx.obj
e:\универ\студ-оап\второй курс\oop_lab4\laba3\debug\eg.obj
e:\универ\студ-оап\второй курс\oop_lab4\laba3\debug\food.obj
e:\универ\студ-оап\второй курс\oop_lab4\laba3\debug\karot.obj
e:\универ\студ-оап\второй курс\oop_lab4\laba3\debug\luc.obj
e:\универ\студ-оап\второй курс\oop_lab4\laba3\debug\potata.obj
e:\универ\студ-оап\второй курс\oop_lab4\laba3\debug\souse.obj
e:\универ\студ-оап\второй курс\oop_lab4\laba3\debug\vege.obj
e:\универ\студ-оап\второй курс\oop_lab4\laba3\debug\laba3.obj
e:\универ\студ-оап\второй курс\oop_lab4\laba3\debug\meat.obj
e:\универ\студ-оап\второй курс\oop_lab4\debug\laba3.pdb
e:\универ\студ-оап\второй курс\oop_lab4\laba3\debug\laba3.tlog\cl.command.1.tlog
e:\универ\студ-оап\второй курс\oop_lab4\laba3\debug\laba3.tlog\cl.read.1.tlog
e:\универ\студ-оап\второй курс\oop_lab4\laba3\debug\laba3.tlog\cl.write.1.tlog
e:\универ\студ-оап\второй курс\oop_lab4\laba3\debug\laba3.tlog\link-cvtres.read.1.tlog
e:\универ\студ-оап\второй курс\oop_lab4\laba3\debug\laba3.tlog\link-cvtres.write.1.tlog
e:\универ\студ-оап\второй курс\oop_lab4\laba3\debug\laba3.tlog\link-rc.read.1.tlog
e:\универ\студ-оап\второй курс\oop_lab4\laba3\debug\laba3.tlog\link-rc.write.1.tlog
e:\универ\студ-оап\второй курс\oop_lab4\laba3\debug\laba3.tlog\link.command.1.tlog
e:\универ\студ-оап\второй курс\oop_lab4\laba3\debug\laba3.tlog\link.read.1.tlog
e:\универ\студ-оап\второй курс\oop_lab4\laba3\debug\laba3.tlog\link.write.1.tlog
